<?xml version="1.0"?>
<!DOCTYPE coverage SYSTEM "http://cobertura.sourceforge.net/xml/coverage-04.dtd">

<coverage line-rate="0.9385964912280702" branch-rate="0.8333333333333334" lines-covered="107" lines-valid="114" branches-covered="20" branches-valid="24" complexity="1.1666666666666667" version="2.1.1" timestamp="1483511669765">
	<sources>
		<source>--source</source>
		<source>E:/Java Exercises/shopping-basket-hmrc/src/main/java</source>
		<source>E:/Java Exercises/shopping-basket-hmrc/target/generated-sources/annotations</source>
	</sources>
	<packages>
		<package name="com.codingtest.basket" line-rate="0.6" branch-rate="0.5" complexity="4.0">
			<classes>
				<class name="com.codingtest.basket.PriceBasket" filename="com/codingtest/basket/PriceBasket.java" line-rate="0.6" branch-rate="0.5" complexity="4.0">
					<methods>
						<method name="&lt;clinit&gt;" signature="()V" line-rate="1.0" branch-rate="1.0" complexity="0">
							<lines>
								<line number="21" hits="1" branch="false"/>
								<line number="23" hits="1" branch="false"/>
							</lines>
						</method>
						<method name="&lt;init&gt;" signature="()V" line-rate="1.0" branch-rate="1.0" complexity="0">
							<lines>
								<line number="19" hits="1" branch="false"/>
							</lines>
						</method>
						<method name="main" signature="([Ljava/lang/String;)V" line-rate="0.5" branch-rate="0.5" complexity="0">
							<lines>
								<line number="32" hits="1" branch="true" condition-coverage="50% (2/4)">
									<conditions>
										<condition number="0" type="jump" coverage="50%"/>
										<condition number="1" type="jump" coverage="50%"/>
									</conditions>
								</line>
								<line number="33" hits="0" branch="false"/>
								<line number="34" hits="0" branch="false"/>
								<line number="35" hits="0" branch="false"/>
								<line number="38" hits="1" branch="false"/>
								<line number="40" hits="1" branch="false"/>
								<line number="42" hits="1" branch="false"/>
								<line number="43" hits="0" branch="false"/>
								<line number="44" hits="0" branch="false"/>
								<line number="45" hits="0" branch="false"/>
								<line number="46" hits="1" branch="false"/>
								<line number="47" hits="1" branch="false"/>
							</lines>
						</method>
					</methods>
					<lines>
						<line number="19" hits="1" branch="false"/>
						<line number="21" hits="1" branch="false"/>
						<line number="23" hits="1" branch="false"/>
						<line number="32" hits="1" branch="true" condition-coverage="50% (2/4)">
							<conditions>
								<condition number="0" type="jump" coverage="50%"/>
								<condition number="1" type="jump" coverage="50%"/>
							</conditions>
						</line>
						<line number="33" hits="0" branch="false"/>
						<line number="34" hits="0" branch="false"/>
						<line number="35" hits="0" branch="false"/>
						<line number="38" hits="1" branch="false"/>
						<line number="40" hits="1" branch="false"/>
						<line number="42" hits="1" branch="false"/>
						<line number="43" hits="0" branch="false"/>
						<line number="44" hits="0" branch="false"/>
						<line number="45" hits="0" branch="false"/>
						<line number="46" hits="1" branch="false"/>
						<line number="47" hits="1" branch="false"/>
					</lines>
				</class>
			</classes>
		</package>
		<package name="com.codingtest.basket.domain" line-rate="1.0" branch-rate="1.0" complexity="1.0">
			<classes>
				<class name="com.codingtest.basket.domain.Basket" filename="com/codingtest/basket/domain/Basket.java" line-rate="1.0" branch-rate="1.0" complexity="1.0">
					<methods>
						<method name="&lt;init&gt;" signature="()V" line-rate="1.0" branch-rate="1.0" complexity="0">
							<lines>
								<line number="13" hits="5" branch="false"/>
							</lines>
						</method>
						<method name="getCurrencyCode" signature="()Ljava/lang/String;" line-rate="1.0" branch-rate="1.0" complexity="0">
							<lines>
								<line number="39" hits="2" branch="false"/>
							</lines>
						</method>
						<method name="getCurrencyLocal" signature="()Ljava/lang/String;" line-rate="1.0" branch-rate="1.0" complexity="0">
							<lines>
								<line number="67" hits="2" branch="false"/>
							</lines>
						</method>
						<method name="getCurrencySymbol" signature="()Ljava/lang/String;" line-rate="1.0" branch-rate="1.0" complexity="0">
							<lines>
								<line number="53" hits="2" branch="false"/>
							</lines>
						</method>
						<method name="getProducts" signature="()Ljava/util/Map;" line-rate="1.0" branch-rate="1.0" complexity="0">
							<lines>
								<line number="81" hits="40" branch="false"/>
							</lines>
						</method>
						<method name="setCurrencyCode" signature="(Ljava/lang/String;)V" line-rate="1.0" branch-rate="1.0" complexity="0">
							<lines>
								<line number="46" hits="5" branch="false"/>
								<line number="47" hits="5" branch="false"/>
							</lines>
						</method>
						<method name="setCurrencyLocal" signature="(Ljava/lang/String;)V" line-rate="1.0" branch-rate="1.0" complexity="0">
							<lines>
								<line number="74" hits="5" branch="false"/>
								<line number="75" hits="5" branch="false"/>
							</lines>
						</method>
						<method name="setCurrencySymbol" signature="(Ljava/lang/String;)V" line-rate="1.0" branch-rate="1.0" complexity="0">
							<lines>
								<line number="60" hits="5" branch="false"/>
								<line number="61" hits="5" branch="false"/>
							</lines>
						</method>
						<method name="setProducts" signature="(Ljava/util/Map;)V" line-rate="1.0" branch-rate="1.0" complexity="0">
							<lines>
								<line number="88" hits="4" branch="false"/>
								<line number="89" hits="4" branch="false"/>
							</lines>
						</method>
					</methods>
					<lines>
						<line number="13" hits="5" branch="false"/>
						<line number="39" hits="2" branch="false"/>
						<line number="46" hits="5" branch="false"/>
						<line number="47" hits="5" branch="false"/>
						<line number="53" hits="2" branch="false"/>
						<line number="60" hits="5" branch="false"/>
						<line number="61" hits="5" branch="false"/>
						<line number="67" hits="2" branch="false"/>
						<line number="74" hits="5" branch="false"/>
						<line number="75" hits="5" branch="false"/>
						<line number="81" hits="40" branch="false"/>
						<line number="88" hits="4" branch="false"/>
						<line number="89" hits="4" branch="false"/>
					</lines>
				</class>
				<class name="com.codingtest.basket.domain.Product" filename="com/codingtest/basket/domain/Product.java" line-rate="1.0" branch-rate="1.0" complexity="1.0">
					<methods>
						<method name="&lt;init&gt;" signature="()V" line-rate="1.0" branch-rate="1.0" complexity="0">
							<lines>
								<line number="11" hits="8" branch="false"/>
							</lines>
						</method>
						<method name="getDescription" signature="()Ljava/lang/String;" line-rate="1.0" branch-rate="1.0" complexity="0">
							<lines>
								<line number="47" hits="13" branch="false"/>
							</lines>
						</method>
						<method name="getPrice" signature="()F" line-rate="1.0" branch-rate="1.0" complexity="0">
							<lines>
								<line number="61" hits="26" branch="false"/>
							</lines>
						</method>
						<method name="getProductId" signature="()Ljava/lang/String;" line-rate="1.0" branch-rate="1.0" complexity="0">
							<lines>
								<line number="33" hits="13" branch="false"/>
							</lines>
						</method>
						<method name="setDescription" signature="(Ljava/lang/String;)V" line-rate="1.0" branch-rate="1.0" complexity="0">
							<lines>
								<line number="54" hits="8" branch="false"/>
								<line number="55" hits="8" branch="false"/>
							</lines>
						</method>
						<method name="setPrice" signature="(F)V" line-rate="1.0" branch-rate="1.0" complexity="0">
							<lines>
								<line number="68" hits="8" branch="false"/>
								<line number="69" hits="8" branch="false"/>
							</lines>
						</method>
						<method name="setProductId" signature="(Ljava/lang/String;)V" line-rate="1.0" branch-rate="1.0" complexity="0">
							<lines>
								<line number="40" hits="8" branch="false"/>
								<line number="41" hits="8" branch="false"/>
							</lines>
						</method>
					</methods>
					<lines>
						<line number="11" hits="8" branch="false"/>
						<line number="33" hits="13" branch="false"/>
						<line number="40" hits="8" branch="false"/>
						<line number="41" hits="8" branch="false"/>
						<line number="47" hits="13" branch="false"/>
						<line number="54" hits="8" branch="false"/>
						<line number="55" hits="8" branch="false"/>
						<line number="61" hits="26" branch="false"/>
						<line number="68" hits="8" branch="false"/>
						<line number="69" hits="8" branch="false"/>
					</lines>
				</class>
			</classes>
		</package>
		<package name="com.codingtest.basket.offer" line-rate="0.96875" branch-rate="0.5" complexity="1.0">
			<classes>
				<class name="com.codingtest.basket.offer.IOffer" filename="com/codingtest/basket/offer/IOffer.java" line-rate="1.0" branch-rate="1.0" complexity="1.0">
					<methods>
					</methods>
					<lines>
					</lines>
				</class>
				<class name="com.codingtest.basket.offer.Offer" filename="com/codingtest/basket/offer/Offer.java" line-rate="0.96875" branch-rate="0.5" complexity="0.0">
					<methods>
						<method name="&lt;clinit&gt;" signature="()V" line-rate="1.0" branch-rate="1.0" complexity="0">
							<lines>
								<line number="21" hits="1" branch="false"/>
							</lines>
						</method>
						<method name="&lt;init&gt;" signature="()V" line-rate="1.0" branch-rate="1.0" complexity="0">
							<lines>
								<line number="19" hits="6" branch="false"/>
							</lines>
						</method>
						<method name="getDescription" signature="()Ljava/lang/String;" line-rate="1.0" branch-rate="1.0" complexity="0">
							<lines>
								<line number="54" hits="3" branch="false"/>
							</lines>
						</method>
						<method name="getDiscount" signature="()D" line-rate="1.0" branch-rate="1.0" complexity="0">
							<lines>
								<line number="146" hits="1" branch="false"/>
							</lines>
						</method>
						<method name="getFinalPrice" signature="(Ljava/util/List;)F" line-rate="0.8888888888888888" branch-rate="0.5" complexity="0">
							<lines>
								<line number="62" hits="10" branch="false"/>
								<line number="64" hits="10" branch="false"/>
								<line number="66" hits="10" branch="false"/>
								<line number="67" hits="10" branch="false"/>
								<line number="69" hits="10" branch="false"/>
								<line number="71" hits="10" branch="false"/>
								<line number="73" hits="10" branch="true" condition-coverage="50% (1/2)">
									<conditions>
										<condition number="0" type="jump" coverage="50%"/>
									</conditions>
								</line>
								<line number="74" hits="0" branch="false"/>
								<line number="76" hits="10" branch="false"/>
							</lines>
						</method>
						<method name="getMinNumberProductsRequired" signature="()I" line-rate="1.0" branch-rate="1.0" complexity="0">
							<lines>
								<line number="118" hits="1" branch="false"/>
							</lines>
						</method>
						<method name="getProductOnOffer" signature="()Lcom/codingtest/basket/domain/Product;" line-rate="1.0" branch-rate="1.0" complexity="0">
							<lines>
								<line number="132" hits="1" branch="false"/>
							</lines>
						</method>
						<method name="getRequiredProduct" signature="()Lcom/codingtest/basket/domain/Product;" line-rate="1.0" branch-rate="1.0" complexity="0">
							<lines>
								<line number="104" hits="1" branch="false"/>
							</lines>
						</method>
						<method name="lambda$getFinalPrice$0" signature="(Lcom/codingtest/basket/domain/Product;)Z" line-rate="1.0" branch-rate="1.0" complexity="0">
							<lines>
								<line number="65" hits="15" branch="false"/>
							</lines>
						</method>
						<method name="lambda$getFinalPrice$1" signature="(Lcom/codingtest/basket/domain/Product;)D" line-rate="1.0" branch-rate="1.0" complexity="0">
							<lines>
								<line number="70" hits="13" branch="false"/>
							</lines>
						</method>
						<method name="lambda$validateQuantityCheck$2" signature="(Lcom/codingtest/basket/domain/Product;)Z" line-rate="1.0" branch-rate="1.0" complexity="0">
							<lines>
								<line number="87" hits="37" branch="false"/>
							</lines>
						</method>
						<method name="setDescription" signature="(Ljava/lang/String;)V" line-rate="1.0" branch-rate="1.0" complexity="0">
							<lines>
								<line number="153" hits="6" branch="false"/>
								<line number="154" hits="6" branch="false"/>
							</lines>
						</method>
						<method name="setDiscount" signature="(D)V" line-rate="1.0" branch-rate="1.0" complexity="0">
							<lines>
								<line number="97" hits="6" branch="false"/>
								<line number="98" hits="6" branch="false"/>
							</lines>
						</method>
						<method name="setMinNumberProductsRequired" signature="(I)V" line-rate="1.0" branch-rate="1.0" complexity="0">
							<lines>
								<line number="125" hits="6" branch="false"/>
								<line number="126" hits="6" branch="false"/>
							</lines>
						</method>
						<method name="setProductOnOffer" signature="(Lcom/codingtest/basket/domain/Product;)V" line-rate="1.0" branch-rate="1.0" complexity="0">
							<lines>
								<line number="139" hits="6" branch="false"/>
								<line number="140" hits="6" branch="false"/>
							</lines>
						</method>
						<method name="setRequiredProduct" signature="(Lcom/codingtest/basket/domain/Product;)V" line-rate="1.0" branch-rate="1.0" complexity="0">
							<lines>
								<line number="111" hits="6" branch="false"/>
								<line number="112" hits="6" branch="false"/>
							</lines>
						</method>
						<method name="validateQuantityCheck" signature="(Ljava/util/List;)J" line-rate="1.0" branch-rate="1.0" complexity="0">
							<lines>
								<line number="86" hits="10" branch="false"/>
								<line number="88" hits="10" branch="false"/>
								<line number="90" hits="10" branch="false"/>
							</lines>
						</method>
					</methods>
					<lines>
						<line number="19" hits="6" branch="false"/>
						<line number="21" hits="1" branch="false"/>
						<line number="54" hits="3" branch="false"/>
						<line number="62" hits="10" branch="false"/>
						<line number="64" hits="10" branch="false"/>
						<line number="65" hits="15" branch="false"/>
						<line number="66" hits="10" branch="false"/>
						<line number="67" hits="10" branch="false"/>
						<line number="69" hits="10" branch="false"/>
						<line number="70" hits="13" branch="false"/>
						<line number="71" hits="10" branch="false"/>
						<line number="73" hits="10" branch="true" condition-coverage="50% (1/2)">
							<conditions>
								<condition number="0" type="jump" coverage="50%"/>
							</conditions>
						</line>
						<line number="74" hits="0" branch="false"/>
						<line number="76" hits="10" branch="false"/>
						<line number="86" hits="10" branch="false"/>
						<line number="87" hits="37" branch="false"/>
						<line number="88" hits="10" branch="false"/>
						<line number="90" hits="10" branch="false"/>
						<line number="97" hits="6" branch="false"/>
						<line number="98" hits="6" branch="false"/>
						<line number="104" hits="1" branch="false"/>
						<line number="111" hits="6" branch="false"/>
						<line number="112" hits="6" branch="false"/>
						<line number="118" hits="1" branch="false"/>
						<line number="125" hits="6" branch="false"/>
						<line number="126" hits="6" branch="false"/>
						<line number="132" hits="1" branch="false"/>
						<line number="139" hits="6" branch="false"/>
						<line number="140" hits="6" branch="false"/>
						<line number="146" hits="1" branch="false"/>
						<line number="153" hits="6" branch="false"/>
						<line number="154" hits="6" branch="false"/>
					</lines>
				</class>
			</classes>
		</package>
		<package name="com.codingtest.basket.service" line-rate="1.0" branch-rate="1.0" complexity="1.0">
			<classes>
				<class name="com.codingtest.basket.service.IBasketService" filename="com/codingtest/basket/service/IBasketService.java" line-rate="1.0" branch-rate="1.0" complexity="1.0">
					<methods>
					</methods>
					<lines>
					</lines>
				</class>
			</classes>
		</package>
		<package name="com.codingtest.basket.service.impl" line-rate="1.0" branch-rate="0.9444444444444444" complexity="0.0">
			<classes>
				<class name="com.codingtest.basket.service.impl.BasketService" filename="com/codingtest/basket/service/impl/BasketService.java" line-rate="1.0" branch-rate="0.9444444444444444" complexity="0.0">
					<methods>
						<method name="&lt;clinit&gt;" signature="()V" line-rate="1.0" branch-rate="1.0" complexity="0">
							<lines>
								<line number="25" hits="1" branch="false"/>
							</lines>
						</method>
						<method name="&lt;init&gt;" signature="()V" line-rate="1.0" branch-rate="1.0" complexity="0">
							<lines>
								<line number="23" hits="4" branch="false"/>
							</lines>
						</method>
						<method name="calculateFinalPrice" signature="(Ljava/util/List;)F" line-rate="1.0" branch-rate="0.8333333333333334" complexity="0">
							<lines>
								<line number="42" hits="5" branch="false"/>
								<line number="43" hits="5" branch="true" condition-coverage="100% (2/2)">
									<conditions>
										<condition number="0" type="jump" coverage="100%"/>
									</conditions>
								</line>
								<line number="45" hits="4" branch="false"/>
								<line number="46" hits="4" branch="true" condition-coverage="100% (2/2)">
									<conditions>
										<condition number="0" type="jump" coverage="100%"/>
									</conditions>
								</line>
								<line number="47" hits="11" branch="true" condition-coverage="50% (1/2)">
									<conditions>
										<condition number="0" type="jump" coverage="50%"/>
									</conditions>
								</line>
								<line number="48" hits="11" branch="false"/>
								<line number="50" hits="11" branch="false"/>
								<line number="53" hits="4" branch="false"/>
								<line number="56" hits="4" branch="false"/>
								<line number="59" hits="5" branch="false"/>
								<line number="60" hits="5" branch="false"/>
							</lines>
						</method>
						<method name="getBasket" signature="()Lcom/codingtest/basket/domain/Basket;" line-rate="1.0" branch-rate="1.0" complexity="0">
							<lines>
								<line number="124" hits="1" branch="false"/>
							</lines>
						</method>
						<method name="getFinalPrice" signature="(Ljava/util/List;F)F" line-rate="1.0" branch-rate="1.0" complexity="0">
							<lines>
								<line number="102" hits="4" branch="false"/>
								<line number="103" hits="4" branch="false"/>
								<line number="104" hits="4" branch="true" condition-coverage="100% (2/2)">
									<conditions>
										<condition number="0" type="jump" coverage="100%"/>
									</conditions>
								</line>
								<line number="105" hits="8" branch="false"/>
								<line number="106" hits="8" branch="true" condition-coverage="100% (2/2)">
									<conditions>
										<condition number="0" type="jump" coverage="100%"/>
									</conditions>
								</line>
								<line number="107" hits="2" branch="false"/>
								<line number="108" hits="2" branch="false"/>
								<line number="110" hits="8" branch="false"/>
								<line number="112" hits="4" branch="true" condition-coverage="100% (2/2)">
									<conditions>
										<condition number="0" type="jump" coverage="100%"/>
									</conditions>
								</line>
								<line number="113" hits="2" branch="false"/>
								<line number="116" hits="4" branch="false"/>
								<line number="117" hits="4" branch="false"/>
							</lines>
						</method>
						<method name="getOffers" signature="()Ljava/util/Set;" line-rate="1.0" branch-rate="1.0" complexity="0">
							<lines>
								<line number="138" hits="1" branch="false"/>
							</lines>
						</method>
						<method name="getSubtotalPrice" signature="(Ljava/util/List;)F" line-rate="1.0" branch-rate="1.0" complexity="0">
							<lines>
								<line number="85" hits="4" branch="false"/>
								<line number="86" hits="4" branch="true" condition-coverage="100% (2/2)">
									<conditions>
										<condition number="0" type="jump" coverage="100%"/>
									</conditions>
								</line>
								<line number="87" hits="11" branch="false"/>
								<line number="88" hits="11" branch="false"/>
								<line number="89" hits="11" branch="false"/>
								<line number="91" hits="4" branch="false"/>
								<line number="92" hits="4" branch="false"/>
							</lines>
						</method>
						<method name="lambda$validProductsInBasket$0" signature="(Ljava/lang/String;)Z" line-rate="1.0" branch-rate="1.0" complexity="0">
							<lines>
								<line number="69" hits="17" branch="true" condition-coverage="100% (2/2)">
									<conditions>
										<condition number="0" type="jump" coverage="100%"/>
									</conditions>
								</line>
							</lines>
						</method>
						<method name="setBasket" signature="(Lcom/codingtest/basket/domain/Basket;)V" line-rate="1.0" branch-rate="1.0" complexity="0">
							<lines>
								<line number="131" hits="8" branch="false"/>
								<line number="132" hits="8" branch="false"/>
							</lines>
						</method>
						<method name="setOffers" signature="(Ljava/util/Set;)V" line-rate="1.0" branch-rate="1.0" complexity="0">
							<lines>
								<line number="145" hits="4" branch="false"/>
								<line number="146" hits="4" branch="false"/>
							</lines>
						</method>
						<method name="validProductsInBasket" signature="(Ljava/util/List;)Z" line-rate="1.0" branch-rate="1.0" complexity="0">
							<lines>
								<line number="68" hits="5" branch="false"/>
								<line number="70" hits="5" branch="false"/>
								<line number="72" hits="5" branch="true" condition-coverage="100% (2/2)">
									<conditions>
										<condition number="0" type="jump" coverage="100%"/>
									</conditions>
								</line>
								<line number="73" hits="1" branch="false"/>
								<line number="76" hits="4" branch="false"/>
							</lines>
						</method>
					</methods>
					<lines>
						<line number="23" hits="4" branch="false"/>
						<line number="25" hits="1" branch="false"/>
						<line number="42" hits="5" branch="false"/>
						<line number="43" hits="5" branch="true" condition-coverage="100% (2/2)">
							<conditions>
								<condition number="0" type="jump" coverage="100%"/>
							</conditions>
						</line>
						<line number="45" hits="4" branch="false"/>
						<line number="46" hits="4" branch="true" condition-coverage="100% (2/2)">
							<conditions>
								<condition number="0" type="jump" coverage="100%"/>
							</conditions>
						</line>
						<line number="47" hits="11" branch="true" condition-coverage="50% (1/2)">
							<conditions>
								<condition number="0" type="jump" coverage="50%"/>
							</conditions>
						</line>
						<line number="48" hits="11" branch="false"/>
						<line number="50" hits="11" branch="false"/>
						<line number="53" hits="4" branch="false"/>
						<line number="56" hits="4" branch="false"/>
						<line number="59" hits="5" branch="false"/>
						<line number="60" hits="5" branch="false"/>
						<line number="68" hits="5" branch="false"/>
						<line number="69" hits="17" branch="true" condition-coverage="100% (2/2)">
							<conditions>
								<condition number="0" type="jump" coverage="100%"/>
							</conditions>
						</line>
						<line number="70" hits="5" branch="false"/>
						<line number="72" hits="5" branch="true" condition-coverage="100% (2/2)">
							<conditions>
								<condition number="0" type="jump" coverage="100%"/>
							</conditions>
						</line>
						<line number="73" hits="1" branch="false"/>
						<line number="76" hits="4" branch="false"/>
						<line number="85" hits="4" branch="false"/>
						<line number="86" hits="4" branch="true" condition-coverage="100% (2/2)">
							<conditions>
								<condition number="0" type="jump" coverage="100%"/>
							</conditions>
						</line>
						<line number="87" hits="11" branch="false"/>
						<line number="88" hits="11" branch="false"/>
						<line number="89" hits="11" branch="false"/>
						<line number="91" hits="4" branch="false"/>
						<line number="92" hits="4" branch="false"/>
						<line number="102" hits="4" branch="false"/>
						<line number="103" hits="4" branch="false"/>
						<line number="104" hits="4" branch="true" condition-coverage="100% (2/2)">
							<conditions>
								<condition number="0" type="jump" coverage="100%"/>
							</conditions>
						</line>
						<line number="105" hits="8" branch="false"/>
						<line number="106" hits="8" branch="true" condition-coverage="100% (2/2)">
							<conditions>
								<condition number="0" type="jump" coverage="100%"/>
							</conditions>
						</line>
						<line number="107" hits="2" branch="false"/>
						<line number="108" hits="2" branch="false"/>
						<line number="110" hits="8" branch="false"/>
						<line number="112" hits="4" branch="true" condition-coverage="100% (2/2)">
							<conditions>
								<condition number="0" type="jump" coverage="100%"/>
							</conditions>
						</line>
						<line number="113" hits="2" branch="false"/>
						<line number="116" hits="4" branch="false"/>
						<line number="117" hits="4" branch="false"/>
						<line number="124" hits="1" branch="false"/>
						<line number="131" hits="8" branch="false"/>
						<line number="132" hits="8" branch="false"/>
						<line number="138" hits="1" branch="false"/>
						<line number="145" hits="4" branch="false"/>
						<line number="146" hits="4" branch="false"/>
					</lines>
				</class>
			</classes>
		</package>
	</packages>
</coverage>
