<?xml version="1.0" encoding="UTF-8"?>
<testsuite xmlns:xsi="http://www.w3.org/2001/XMLSchema-instance" xsi:schemaLocation="https://maven.apache.org/surefire/maven-surefire-plugin/xsd/surefire-test-report.xsd" name="com.codingtest.basket.offer.OfferTest" time="0.984" tests="3" errors="0" skipped="0" failures="0">
  <properties>
[...]
</properties>
  <testcase name="testDiscountApplesQuarterPriceOfferSelected" classname="com.codingtest.basket.offer.OfferTest" time="0.078"/>
  <testcase name="testBean" classname="com.codingtest.basket.offer.OfferTest" time="0.015"/>
  <testcase name="testNoDiscountAsNotEnoughItemsSelected" classname="com.codingtest.basket.offer.OfferTest" time="0.015"/>
</testsuite>